<?xml version="1.0" encoding="UTF-8"?>
<!-- Generated by org.testng.reporters.JUnitReportReporter -->
<testsuite hostname="beast" failures="0" tests="1" name="orangehrm.testscases.Add_Employee" time="5.166" errors="0" timestamp="2025-06-18T20:49:05 IST" skipped="0">
  <testcase classname="orangehrm.testscases.Add_Employee" name="TestAddEmployee" time="5.166"/>
</testsuite> <!-- orangehrm.testscases.Add_Employee -->
