<?xml version="1.0" encoding="UTF-8"?>
<!-- Generated by org.testng.reporters.JUnitReportReporter -->
<testsuite hostname="beast" failures="0" tests="1" name="orangehrm.testscases.AdminLogin" time="2.775" errors="0" timestamp="2025-06-18T20:49:05 IST" skipped="0">
  <testcase classname="orangehrm.testscases.AdminLogin" name="checkAdminLogin" time="2.775"/>
</testsuite> <!-- orangehrm.testscases.AdminLogin -->
